::1 - - [11/Apr/2020:15:49:15 +0000] "GET / HTTP/1.1" 404 139 "-" "Mozilla/5.0 (X11; Linux x86_64) AppleWebKit/537.36 (KHTML, like Gecko) Chrome/80.0.3987.163 Safari/537.36"
::1 - - [11/Apr/2020:17:05:46 +0000] "GET / HTTP/1.1" 404 139 "-" "Mozilla/5.0 (X11; Linux x86_64) AppleWebKit/537.36 (KHTML, like Gecko) Chrome/80.0.3987.163 Safari/537.36"
::1 - - [11/Apr/2020:18:48:58 +0000] "GET /api/v1/church HTTP/1.1" 404 45 "-" "Mozilla/5.0 (X11; Linux x86_64) AppleWebKit/537.36 (KHTML, like Gecko) Chrome/80.0.3987.163 Safari/537.36"
::1 - - [11/Apr/2020:18:48:58 +0000] "GET /favicon.ico HTTP/1.1" 404 45 "http://localhost:5000/api/v1/church" "Mozilla/5.0 (X11; Linux x86_64) AppleWebKit/537.36 (KHTML, like Gecko) Chrome/80.0.3987.163 Safari/537.36"
::1 - - [11/Apr/2020:18:49:22 +0000] "GET /api/v1/church/biblevereses HTTP/1.1" 404 45 "-" "Mozilla/5.0 (X11; Linux x86_64) AppleWebKit/537.36 (KHTML, like Gecko) Chrome/80.0.3987.163 Safari/537.36"
::1 - - [11/Apr/2020:18:49:59 +0000] "GET /api/v1/church/bibleverses HTTP/1.1" 200 - "-" "Mozilla/5.0 (X11; Linux x86_64) AppleWebKit/537.36 (KHTML, like Gecko) Chrome/80.0.3987.163 Safari/537.36"
::1 - - [11/Apr/2020:18:51:34 +0000] "GET /api/v1/church/bibleverse/4 HTTP/1.1" 200 385 "-" "Mozilla/5.0 (X11; Linux x86_64) AppleWebKit/537.36 (KHTML, like Gecko) Chrome/80.0.3987.163 Safari/537.36"
::1 - - [11/Apr/2020:19:11:06 +0000] "GET /api/v1/church/bibleverse HTTP/1.1" 404 45 "-" "Mozilla/5.0 (X11; Linux x86_64) AppleWebKit/537.36 (KHTML, like Gecko) Chrome/80.0.3987.163 Safari/537.36"
::1 - - [11/Apr/2020:19:11:11 +0000] "GET /api/v1/church/bibleverses HTTP/1.1" 304 - "-" "Mozilla/5.0 (X11; Linux x86_64) AppleWebKit/537.36 (KHTML, like Gecko) Chrome/80.0.3987.163 Safari/537.36"
::1 - - [11/Apr/2020:19:13:03 +0000] "GET /api/v1/church/xxxx HTTP/1.1" 404 45 "-" "Mozilla/5.0 (X11; Linux x86_64) AppleWebKit/537.36 (KHTML, like Gecko) Chrome/80.0.3987.163 Safari/537.36"
::1 - - [11/Apr/2020:19:13:28 +0000] "GET /api/v1/church/bibleverses HTTP/1.1" 304 - "-" "Mozilla/5.0 (X11; Linux x86_64) AppleWebKit/537.36 (KHTML, like Gecko) Chrome/80.0.3987.163 Safari/537.36"
::1 - - [11/Apr/2020:20:25:15 +0000] "GET /api/v1/church/bibleverses HTTP/1.1" 304 - "http://localhost:3000/" "Mozilla/5.0 (X11; Linux x86_64) AppleWebKit/537.36 (KHTML, like Gecko) Chrome/80.0.3987.163 Safari/537.36"
::1 - - [11/Apr/2020:20:27:11 +0000] "GET /api/v1/church/bibleverses HTTP/1.1" 304 - "http://localhost:3000/" "Mozilla/5.0 (X11; Linux x86_64) AppleWebKit/537.36 (KHTML, like Gecko) Chrome/80.0.3987.163 Safari/537.36"
::1 - - [11/Apr/2020:20:27:48 +0000] "GET /api/v1/church/bibleverses HTTP/1.1" 304 - "http://localhost:3000/" "Mozilla/5.0 (X11; Linux x86_64) AppleWebKit/537.36 (KHTML, like Gecko) Chrome/80.0.3987.163 Safari/537.36"
::1 - - [11/Apr/2020:20:27:50 +0000] "GET /api/v1/church/bibleverses HTTP/1.1" 304 - "http://localhost:3000/" "Mozilla/5.0 (X11; Linux x86_64) AppleWebKit/537.36 (KHTML, like Gecko) Chrome/80.0.3987.163 Safari/537.36"
::1 - - [11/Apr/2020:20:27:54 +0000] "GET /api/v1/church/bibleverses HTTP/1.1" 304 - "http://localhost:3000/" "Mozilla/5.0 (X11; Linux x86_64) AppleWebKit/537.36 (KHTML, like Gecko) Chrome/80.0.3987.163 Safari/537.36"
::1 - - [11/Apr/2020:20:28:05 +0000] "GET /api/v1/church/bibleverses HTTP/1.1" 304 - "http://localhost:3000/" "Mozilla/5.0 (X11; Linux x86_64) AppleWebKit/537.36 (KHTML, like Gecko) Chrome/80.0.3987.163 Safari/537.36"
::1 - - [11/Apr/2020:20:28:08 +0000] "GET /api/v1/church/bibleverses HTTP/1.1" 304 - "http://localhost:3000/" "Mozilla/5.0 (X11; Linux x86_64) AppleWebKit/537.36 (KHTML, like Gecko) Chrome/80.0.3987.163 Safari/537.36"
::1 - - [11/Apr/2020:20:28:28 +0000] "GET /api/v1/church/bibleverses HTTP/1.1" 304 - "http://localhost:3000/" "Mozilla/5.0 (X11; Linux x86_64) AppleWebKit/537.36 (KHTML, like Gecko) Chrome/80.0.3987.163 Safari/537.36"
::1 - - [11/Apr/2020:20:29:09 +0000] "GET /api/v1/church/bibleverses HTTP/1.1" 304 - "http://localhost:3000/" "Mozilla/5.0 (X11; Linux x86_64) AppleWebKit/537.36 (KHTML, like Gecko) Chrome/80.0.3987.163 Safari/537.36"
::1 - - [11/Apr/2020:20:29:12 +0000] "GET /api/v1/church/bibleverses HTTP/1.1" 304 - "http://localhost:3000/" "Mozilla/5.0 (X11; Linux x86_64) AppleWebKit/537.36 (KHTML, like Gecko) Chrome/80.0.3987.163 Safari/537.36"
::1 - - [11/Apr/2020:20:29:42 +0000] "GET /api/v1/church/bibleverses HTTP/1.1" 304 - "http://localhost:3000/" "Mozilla/5.0 (X11; Linux x86_64) AppleWebKit/537.36 (KHTML, like Gecko) Chrome/80.0.3987.163 Safari/537.36"
::1 - - [11/Apr/2020:20:30:27 +0000] "GET /api/v1/church/bibleverses HTTP/1.1" 304 - "http://localhost:3000/" "Mozilla/5.0 (X11; Linux x86_64) AppleWebKit/537.36 (KHTML, like Gecko) Chrome/80.0.3987.163 Safari/537.36"
::1 - - [11/Apr/2020:20:30:41 +0000] "GET /api/v1/church/bibleverses HTTP/1.1" 304 - "http://localhost:3000/" "Mozilla/5.0 (X11; Linux x86_64) AppleWebKit/537.36 (KHTML, like Gecko) Chrome/80.0.3987.163 Safari/537.36"
::1 - - [11/Apr/2020:20:30:46 +0000] "GET /api/v1/church/bibleverses HTTP/1.1" 304 - "http://localhost:3000/" "Mozilla/5.0 (X11; Linux x86_64) AppleWebKit/537.36 (KHTML, like Gecko) Chrome/80.0.3987.163 Safari/537.36"
::1 - - [11/Apr/2020:20:31:11 +0000] "GET /api/v1/church/bibleverses HTTP/1.1" 304 - "http://localhost:3000/" "Mozilla/5.0 (X11; Linux x86_64) AppleWebKit/537.36 (KHTML, like Gecko) Chrome/80.0.3987.163 Safari/537.36"
::1 - - [11/Apr/2020:20:31:13 +0000] "GET /api/v1/church/bibleverses HTTP/1.1" 304 - "http://localhost:3000/" "Mozilla/5.0 (X11; Linux x86_64) AppleWebKit/537.36 (KHTML, like Gecko) Chrome/80.0.3987.163 Safari/537.36"
::1 - - [11/Apr/2020:20:31:15 +0000] "GET /api/v1/church/bibleverses HTTP/1.1" 304 - "http://localhost:3000/" "Mozilla/5.0 (X11; Linux x86_64) AppleWebKit/537.36 (KHTML, like Gecko) Chrome/80.0.3987.163 Safari/537.36"
::1 - - [11/Apr/2020:20:31:40 +0000] "GET /api/v1/church/bibleverses HTTP/1.1" 304 - "http://localhost:3000/" "Mozilla/5.0 (X11; Linux x86_64) AppleWebKit/537.36 (KHTML, like Gecko) Chrome/80.0.3987.163 Safari/537.36"
::1 - - [11/Apr/2020:20:31:43 +0000] "GET /api/v1/church/bibleverses HTTP/1.1" 304 - "http://localhost:3000/" "Mozilla/5.0 (X11; Linux x86_64) AppleWebKit/537.36 (KHTML, like Gecko) Chrome/80.0.3987.163 Safari/537.36"
::1 - - [11/Apr/2020:20:33:39 +0000] "GET /api/v1/church/bibleverses HTTP/1.1" 304 - "http://localhost:3000/" "Mozilla/5.0 (X11; Linux x86_64) AppleWebKit/537.36 (KHTML, like Gecko) Chrome/80.0.3987.163 Safari/537.36"
::1 - - [11/Apr/2020:20:33:48 +0000] "GET /api/v1/church/bibleverses HTTP/1.1" 304 - "http://localhost:3000/" "Mozilla/5.0 (X11; Linux x86_64) AppleWebKit/537.36 (KHTML, like Gecko) Chrome/80.0.3987.163 Safari/537.36"
::1 - - [11/Apr/2020:20:34:03 +0000] "GET /api/v1/church/bibleverses HTTP/1.1" 304 - "http://localhost:3000/" "Mozilla/5.0 (X11; Linux x86_64) AppleWebKit/537.36 (KHTML, like Gecko) Chrome/80.0.3987.163 Safari/537.36"
::1 - - [11/Apr/2020:20:34:13 +0000] "GET /api/v1/church/bibleverses HTTP/1.1" 304 - "http://localhost:3000/" "Mozilla/5.0 (X11; Linux x86_64) AppleWebKit/537.36 (KHTML, like Gecko) Chrome/80.0.3987.163 Safari/537.36"
::1 - - [11/Apr/2020:20:34:37 +0000] "GET /api/v1/church/bibleverses HTTP/1.1" 304 - "http://localhost:3000/" "Mozilla/5.0 (X11; Linux x86_64) AppleWebKit/537.36 (KHTML, like Gecko) Chrome/80.0.3987.163 Safari/537.36"
::1 - - [11/Apr/2020:20:36:45 +0000] "GET /api/v1/church/bibleverses HTTP/1.1" 304 - "http://localhost:3000/" "Mozilla/5.0 (X11; Linux x86_64) AppleWebKit/537.36 (KHTML, like Gecko) Chrome/80.0.3987.163 Safari/537.36"
::1 - - [11/Apr/2020:20:36:46 +0000] "GET /api/v1/church/bibleverses HTTP/1.1" 304 - "http://localhost:3000/" "Mozilla/5.0 (X11; Linux x86_64) AppleWebKit/537.36 (KHTML, like Gecko) Chrome/80.0.3987.163 Safari/537.36"
::1 - - [11/Apr/2020:20:36:54 +0000] "GET /api/v1/church/bibleverses HTTP/1.1" 304 - "http://localhost:3000/" "Mozilla/5.0 (X11; Linux x86_64) AppleWebKit/537.36 (KHTML, like Gecko) Chrome/80.0.3987.163 Safari/537.36"
::1 - - [11/Apr/2020:20:40:50 +0000] "GET /api/v1/church/bibleverses HTTP/1.1" 304 - "http://localhost:3000/" "Mozilla/5.0 (X11; Linux x86_64) AppleWebKit/537.36 (KHTML, like Gecko) Chrome/80.0.3987.163 Safari/537.36"
::1 - - [11/Apr/2020:20:42:23 +0000] "GET /api/v1/church/bibleverses HTTP/1.1" 304 - "http://localhost:3000/" "Mozilla/5.0 (X11; Linux x86_64) AppleWebKit/537.36 (KHTML, like Gecko) Chrome/80.0.3987.163 Safari/537.36"
::1 - - [11/Apr/2020:20:42:36 +0000] "GET /api/v1/church/bibleverses HTTP/1.1" 304 - "http://localhost:3000/" "Mozilla/5.0 (X11; Linux x86_64) AppleWebKit/537.36 (KHTML, like Gecko) Chrome/80.0.3987.163 Safari/537.36"
::1 - - [11/Apr/2020:20:42:36 +0000] "GET /api/v1/church/bibleverses HTTP/1.1" 304 - "http://localhost:3000/" "Mozilla/5.0 (X11; Linux x86_64) AppleWebKit/537.36 (KHTML, like Gecko) Chrome/80.0.3987.163 Safari/537.36"
::1 - - [11/Apr/2020:20:49:46 +0000] "GET /api/v1/church/bibleverses HTTP/1.1" 304 - "http://localhost:3000/" "Mozilla/5.0 (X11; Linux x86_64) AppleWebKit/537.36 (KHTML, like Gecko) Chrome/80.0.3987.163 Safari/537.36"
::1 - - [11/Apr/2020:21:27:19 +0000] "GET /api/v1/church/bibleverses HTTP/1.1" 304 - "http://localhost:3000/" "Mozilla/5.0 (X11; Linux x86_64) AppleWebKit/537.36 (KHTML, like Gecko) Chrome/80.0.3987.163 Safari/537.36"
::1 - - [11/Apr/2020:21:27:20 +0000] "GET /api/v1/church/bibleverses HTTP/1.1" 304 - "http://localhost:3000/" "Mozilla/5.0 (X11; Linux x86_64) AppleWebKit/537.36 (KHTML, like Gecko) Chrome/80.0.3987.163 Safari/537.36"
::1 - - [11/Apr/2020:21:27:23 +0000] "GET /api/v1/church/bibleverses HTTP/1.1" 304 - "http://localhost:3000/" "Mozilla/5.0 (X11; Linux x86_64) AppleWebKit/537.36 (KHTML, like Gecko) Chrome/80.0.3987.163 Safari/537.36"
::1 - - [11/Apr/2020:21:27:29 +0000] "GET /api/v1/church/bibleverses HTTP/1.1" 304 - "http://localhost:3000/" "Mozilla/5.0 (X11; Linux x86_64) AppleWebKit/537.36 (KHTML, like Gecko) Chrome/80.0.3987.163 Safari/537.36"
::1 - - [11/Apr/2020:21:27:36 +0000] "GET /api/v1/church/bibleverses HTTP/1.1" 304 - "http://localhost:3000/" "Mozilla/5.0 (X11; Linux x86_64) AppleWebKit/537.36 (KHTML, like Gecko) Chrome/80.0.3987.163 Safari/537.36"
::1 - - [11/Apr/2020:21:27:40 +0000] "GET /api/v1/church/bibleverses HTTP/1.1" 304 - "http://localhost:3000/" "Mozilla/5.0 (X11; Linux x86_64) AppleWebKit/537.36 (KHTML, like Gecko) Chrome/80.0.3987.163 Safari/537.36"
::1 - - [11/Apr/2020:21:27:43 +0000] "GET /api/v1/church/bibleverses HTTP/1.1" 304 - "http://localhost:3000/" "Mozilla/5.0 (X11; Linux x86_64) AppleWebKit/537.36 (KHTML, like Gecko) Chrome/80.0.3987.163 Safari/537.36"
::1 - - [11/Apr/2020:21:27:44 +0000] "GET /api/v1/church/bibleverses HTTP/1.1" 304 - "http://localhost:3000/" "Mozilla/5.0 (X11; Linux x86_64) AppleWebKit/537.36 (KHTML, like Gecko) Chrome/80.0.3987.163 Safari/537.36"
::1 - - [11/Apr/2020:21:27:46 +0000] "GET /api/v1/church/bibleverses HTTP/1.1" 304 - "http://localhost:3000/" "Mozilla/5.0 (X11; Linux x86_64) AppleWebKit/537.36 (KHTML, like Gecko) Chrome/80.0.3987.163 Safari/537.36"
::1 - - [11/Apr/2020:21:29:38 +0000] "GET /api/v1/church/bibleverses HTTP/1.1" 304 - "http://localhost:3000/" "Mozilla/5.0 (X11; Linux x86_64) AppleWebKit/537.36 (KHTML, like Gecko) Chrome/80.0.3987.163 Safari/537.36"
::1 - - [11/Apr/2020:21:29:42 +0000] "GET /api/v1/church/bibleverses HTTP/1.1" 304 - "http://localhost:3000/" "Mozilla/5.0 (X11; Linux x86_64) AppleWebKit/537.36 (KHTML, like Gecko) Chrome/80.0.3987.163 Safari/537.36"
::1 - - [11/Apr/2020:21:29:48 +0000] "GET /api/v1/church/bibleverses HTTP/1.1" 304 - "http://localhost:3000/" "Mozilla/5.0 (X11; Linux x86_64) AppleWebKit/537.36 (KHTML, like Gecko) Chrome/80.0.3987.163 Safari/537.36"
::1 - - [11/Apr/2020:21:30:00 +0000] "GET /api/v1/church/bibleverses HTTP/1.1" 304 - "http://localhost:3000/" "Mozilla/5.0 (X11; Linux x86_64) AppleWebKit/537.36 (KHTML, like Gecko) Chrome/80.0.3987.163 Safari/537.36"
::1 - - [11/Apr/2020:21:30:12 +0000] "GET /api/v1/church/bibleverses HTTP/1.1" 304 - "http://localhost:3000/" "Mozilla/5.0 (X11; Linux x86_64) AppleWebKit/537.36 (KHTML, like Gecko) Chrome/80.0.3987.163 Safari/537.36"
::1 - - [11/Apr/2020:21:30:27 +0000] "GET /api/v1/church/bibleverses HTTP/1.1" 304 - "http://localhost:3000/" "Mozilla/5.0 (X11; Linux x86_64) AppleWebKit/537.36 (KHTML, like Gecko) Chrome/80.0.3987.163 Safari/537.36"
::1 - - [11/Apr/2020:21:41:42 +0000] "GET /api/v1/church/bibleverses HTTP/1.1" 304 - "http://localhost:3000/" "Mozilla/5.0 (X11; Linux x86_64) AppleWebKit/537.36 (KHTML, like Gecko) Chrome/80.0.3987.163 Safari/537.36"
::1 - - [11/Apr/2020:21:41:45 +0000] "GET /api/v1/church/bibleverses HTTP/1.1" 304 - "http://localhost:3000/" "Mozilla/5.0 (X11; Linux x86_64) AppleWebKit/537.36 (KHTML, like Gecko) Chrome/80.0.3987.163 Safari/537.36"
::1 - - [11/Apr/2020:21:42:06 +0000] "GET /api/v1/church/bibleverses HTTP/1.1" 304 - "http://localhost:3000/" "Mozilla/5.0 (X11; Linux x86_64) AppleWebKit/537.36 (KHTML, like Gecko) Chrome/80.0.3987.163 Safari/537.36"
::1 - - [11/Apr/2020:21:55:12 +0000] "GET /api/v1/church/bibleverses HTTP/1.1" 304 - "http://localhost:3000/" "Mozilla/5.0 (X11; Linux x86_64) AppleWebKit/537.36 (KHTML, like Gecko) Chrome/80.0.3987.163 Safari/537.36"
::1 - - [11/Apr/2020:21:55:13 +0000] "GET /api/v1/church/bibleverses HTTP/1.1" 304 - "http://localhost:3000/" "Mozilla/5.0 (X11; Linux x86_64) AppleWebKit/537.36 (KHTML, like Gecko) Chrome/80.0.3987.163 Safari/537.36"
::1 - - [11/Apr/2020:21:55:20 +0000] "GET /api/v1/church/bibleverses HTTP/1.1" 304 - "http://localhost:3000/" "Mozilla/5.0 (X11; Linux x86_64) AppleWebKit/537.36 (KHTML, like Gecko) Chrome/80.0.3987.163 Safari/537.36"
::1 - - [11/Apr/2020:21:56:07 +0000] "GET /api/v1/church/bibleverses HTTP/1.1" 304 - "http://localhost:3000/" "Mozilla/5.0 (X11; Linux x86_64) AppleWebKit/537.36 (KHTML, like Gecko) Chrome/80.0.3987.163 Safari/537.36"
::1 - - [11/Apr/2020:21:56:09 +0000] "GET /api/v1/church/bibleverses HTTP/1.1" 304 - "http://localhost:3000/" "Mozilla/5.0 (X11; Linux x86_64) AppleWebKit/537.36 (KHTML, like Gecko) Chrome/80.0.3987.163 Safari/537.36"
::1 - - [11/Apr/2020:21:56:17 +0000] "GET /api/v1/church/bibleverses HTTP/1.1" 304 - "http://localhost:3000/" "Mozilla/5.0 (X11; Linux x86_64) AppleWebKit/537.36 (KHTML, like Gecko) Chrome/80.0.3987.163 Safari/537.36"
::1 - - [11/Apr/2020:21:56:20 +0000] "GET /api/v1/church/bibleverses HTTP/1.1" 304 - "http://localhost:3000/" "Mozilla/5.0 (X11; Linux x86_64) AppleWebKit/537.36 (KHTML, like Gecko) Chrome/80.0.3987.163 Safari/537.36"
::1 - - [11/Apr/2020:21:56:23 +0000] "GET /api/v1/church/bibleverses HTTP/1.1" 304 - "http://localhost:3000/" "Mozilla/5.0 (X11; Linux x86_64) AppleWebKit/537.36 (KHTML, like Gecko) Chrome/80.0.3987.163 Safari/537.36"
::1 - - [11/Apr/2020:21:57:02 +0000] "GET /api/v1/church/bibleverses HTTP/1.1" 304 - "http://localhost:3000/" "Mozilla/5.0 (X11; Linux x86_64) AppleWebKit/537.36 (KHTML, like Gecko) Chrome/80.0.3987.163 Safari/537.36"
::1 - - [11/Apr/2020:21:57:07 +0000] "GET /api/v1/church/bibleverses HTTP/1.1" 304 - "http://localhost:3000/" "Mozilla/5.0 (X11; Linux x86_64) AppleWebKit/537.36 (KHTML, like Gecko) Chrome/80.0.3987.163 Safari/537.36"
::1 - - [11/Apr/2020:23:28:06 +0000] "GET /api/v1/church/bibleverses HTTP/1.1" 304 - "http://localhost:3000/" "Mozilla/5.0 (X11; Linux x86_64) AppleWebKit/537.36 (KHTML, like Gecko) Chrome/80.0.3987.163 Safari/537.36"
::1 - - [11/Apr/2020:23:28:07 +0000] "GET /api/v1/church/bibleverses HTTP/1.1" 304 - "http://localhost:3000/" "Mozilla/5.0 (X11; Linux x86_64) AppleWebKit/537.36 (KHTML, like Gecko) Chrome/80.0.3987.163 Safari/537.36"
::1 - - [11/Apr/2020:23:28:28 +0000] "GET /api/v1/church/bibleverses HTTP/1.1" 304 - "http://localhost:3000/" "Mozilla/5.0 (X11; Linux x86_64) AppleWebKit/537.36 (KHTML, like Gecko) Chrome/80.0.3987.163 Safari/537.36"
::1 - - [11/Apr/2020:23:28:29 +0000] "GET /api/v1/church/bibleverses HTTP/1.1" 304 - "http://localhost:3000/" "Mozilla/5.0 (X11; Linux x86_64) AppleWebKit/537.36 (KHTML, like Gecko) Chrome/80.0.3987.163 Safari/537.36"
::1 - - [11/Apr/2020:23:28:32 +0000] "GET /api/v1/church/bibleverses HTTP/1.1" 304 - "http://localhost:3000/" "Mozilla/5.0 (X11; Linux x86_64) AppleWebKit/537.36 (KHTML, like Gecko) Chrome/80.0.3987.163 Safari/537.36"
::1 - - [11/Apr/2020:23:28:34 +0000] "GET /api/v1/church/bibleverses HTTP/1.1" 304 - "http://localhost:3000/" "Mozilla/5.0 (X11; Linux x86_64) AppleWebKit/537.36 (KHTML, like Gecko) Chrome/80.0.3987.163 Safari/537.36"
::1 - - [11/Apr/2020:23:28:35 +0000] "GET /api/v1/church/bibleverses HTTP/1.1" 304 - "http://localhost:3000/" "Mozilla/5.0 (X11; Linux x86_64) AppleWebKit/537.36 (KHTML, like Gecko) Chrome/80.0.3987.163 Safari/537.36"
::1 - - [11/Apr/2020:23:28:41 +0000] "GET /api/v1/church/bibleverses HTTP/1.1" 304 - "http://localhost:3000/" "Mozilla/5.0 (X11; Linux x86_64) AppleWebKit/537.36 (KHTML, like Gecko) Chrome/80.0.3987.163 Safari/537.36"
::1 - - [11/Apr/2020:23:28:47 +0000] "GET /api/v1/church/bibleverses HTTP/1.1" 304 - "http://localhost:3000/" "Mozilla/5.0 (X11; Linux x86_64) AppleWebKit/537.36 (KHTML, like Gecko) Chrome/80.0.3987.163 Safari/537.36"
::1 - - [11/Apr/2020:23:28:54 +0000] "GET /api/v1/church/bibleverses HTTP/1.1" 304 - "http://localhost:3000/" "Mozilla/5.0 (X11; Linux x86_64) AppleWebKit/537.36 (KHTML, like Gecko) Chrome/80.0.3987.163 Safari/537.36"
::1 - - [11/Apr/2020:23:29:10 +0000] "GET /api/v1/church/bibleverses HTTP/1.1" 304 - "http://localhost:3000/" "Mozilla/5.0 (X11; Linux x86_64) AppleWebKit/537.36 (KHTML, like Gecko) Chrome/80.0.3987.163 Safari/537.36"
::1 - - [11/Apr/2020:23:29:10 +0000] "GET /api/v1/church/bibleverses HTTP/1.1" 304 - "http://localhost:3000/" "Mozilla/5.0 (X11; Linux x86_64) AppleWebKit/537.36 (KHTML, like Gecko) Chrome/80.0.3987.163 Safari/537.36"
::1 - - [11/Apr/2020:23:29:26 +0000] "GET /api/v1/church/bibleverses HTTP/1.1" 304 - "http://localhost:3000/" "Mozilla/5.0 (X11; Linux x86_64) AppleWebKit/537.36 (KHTML, like Gecko) Chrome/80.0.3987.163 Safari/537.36"
::1 - - [11/Apr/2020:23:29:28 +0000] "GET /api/v1/church/bibleverses HTTP/1.1" 304 - "http://localhost:3000/" "Mozilla/5.0 (X11; Linux x86_64) AppleWebKit/537.36 (KHTML, like Gecko) Chrome/80.0.3987.163 Safari/537.36"
::1 - - [11/Apr/2020:23:29:33 +0000] "GET /api/v1/church/bibleverses HTTP/1.1" 304 - "http://localhost:3000/" "Mozilla/5.0 (X11; Linux x86_64) AppleWebKit/537.36 (KHTML, like Gecko) Chrome/80.0.3987.163 Safari/537.36"
::1 - - [11/Apr/2020:23:30:52 +0000] "GET /api/v1/church/bibleverses HTTP/1.1" 304 - "http://localhost:3000/" "Mozilla/5.0 (X11; Linux x86_64) AppleWebKit/537.36 (KHTML, like Gecko) Chrome/80.0.3987.163 Safari/537.36"
::1 - - [11/Apr/2020:23:31:20 +0000] "GET /api/v1/church/bibleverses HTTP/1.1" 304 - "http://localhost:3000/" "Mozilla/5.0 (X11; Linux x86_64) AppleWebKit/537.36 (KHTML, like Gecko) Chrome/80.0.3987.163 Safari/537.36"
::1 - - [11/Apr/2020:23:31:21 +0000] "GET /api/v1/church/bibleverses HTTP/1.1" 304 - "http://localhost:3000/" "Mozilla/5.0 (X11; Linux x86_64) AppleWebKit/537.36 (KHTML, like Gecko) Chrome/80.0.3987.163 Safari/537.36"
::1 - - [11/Apr/2020:23:31:27 +0000] "GET /api/v1/church/bibleverses HTTP/1.1" 304 - "http://localhost:3000/" "Mozilla/5.0 (X11; Linux x86_64) AppleWebKit/537.36 (KHTML, like Gecko) Chrome/80.0.3987.163 Safari/537.36"
::1 - - [11/Apr/2020:23:31:27 +0000] "GET /api/v1/church/bibleverses HTTP/1.1" 304 - "http://localhost:3000/" "Mozilla/5.0 (X11; Linux x86_64) AppleWebKit/537.36 (KHTML, like Gecko) Chrome/80.0.3987.163 Safari/537.36"
::1 - - [11/Apr/2020:23:31:28 +0000] "GET /api/v1/church/bibleverses HTTP/1.1" 304 - "http://localhost:3000/" "Mozilla/5.0 (X11; Linux x86_64) AppleWebKit/537.36 (KHTML, like Gecko) Chrome/80.0.3987.163 Safari/537.36"
::1 - - [11/Apr/2020:23:31:32 +0000] "GET /api/v1/church/bibleverses HTTP/1.1" 304 - "http://localhost:3000/" "Mozilla/5.0 (X11; Linux x86_64) AppleWebKit/537.36 (KHTML, like Gecko) Chrome/80.0.3987.163 Safari/537.36"
::1 - - [11/Apr/2020:23:31:47 +0000] "GET /api/v1/church/bibleverses HTTP/1.1" 304 - "http://localhost:3000/" "Mozilla/5.0 (X11; Linux x86_64) AppleWebKit/537.36 (KHTML, like Gecko) Chrome/80.0.3987.163 Safari/537.36"
::1 - - [11/Apr/2020:23:31:59 +0000] "GET /api/v1/church/bibleverses HTTP/1.1" 304 - "http://localhost:3000/" "Mozilla/5.0 (X11; Linux x86_64) AppleWebKit/537.36 (KHTML, like Gecko) Chrome/80.0.3987.163 Safari/537.36"
::1 - - [11/Apr/2020:23:32:02 +0000] "GET /api/v1/church/bibleverses HTTP/1.1" 304 - "http://localhost:3000/" "Mozilla/5.0 (X11; Linux x86_64) AppleWebKit/537.36 (KHTML, like Gecko) Chrome/80.0.3987.163 Safari/537.36"
::1 - - [11/Apr/2020:23:32:32 +0000] "GET /api/v1/church/bibleverses HTTP/1.1" 304 - "http://localhost:3000/" "Mozilla/5.0 (X11; Linux x86_64) AppleWebKit/537.36 (KHTML, like Gecko) Chrome/80.0.3987.163 Safari/537.36"
::1 - - [11/Apr/2020:23:32:32 +0000] "GET /api/v1/church/bibleverses HTTP/1.1" 304 - "http://localhost:3000/" "Mozilla/5.0 (X11; Linux x86_64) AppleWebKit/537.36 (KHTML, like Gecko) Chrome/80.0.3987.163 Safari/537.36"
::1 - - [11/Apr/2020:23:34:52 +0000] "GET /api/v1/church/bibleverses HTTP/1.1" 304 - "http://localhost:3000/" "Mozilla/5.0 (X11; Linux x86_64) AppleWebKit/537.36 (KHTML, like Gecko) Chrome/80.0.3987.163 Safari/537.36"
::1 - - [11/Apr/2020:23:35:03 +0000] "GET /api/v1/church/bibleverses HTTP/1.1" 304 - "http://localhost:3000/" "Mozilla/5.0 (X11; Linux x86_64) AppleWebKit/537.36 (KHTML, like Gecko) Chrome/80.0.3987.163 Safari/537.36"
::1 - - [11/Apr/2020:23:35:04 +0000] "GET /api/v1/church/bibleverses HTTP/1.1" 304 - "http://localhost:3000/" "Mozilla/5.0 (X11; Linux x86_64) AppleWebKit/537.36 (KHTML, like Gecko) Chrome/80.0.3987.163 Safari/537.36"
::1 - - [11/Apr/2020:23:35:06 +0000] "GET /api/v1/church/bibleverses HTTP/1.1" 304 - "http://localhost:3000/" "Mozilla/5.0 (X11; Linux x86_64) AppleWebKit/537.36 (KHTML, like Gecko) Chrome/80.0.3987.163 Safari/537.36"
::1 - - [11/Apr/2020:23:35:13 +0000] "GET /api/v1/church/bibleverses HTTP/1.1" 304 - "http://localhost:3000/" "Mozilla/5.0 (X11; Linux x86_64) AppleWebKit/537.36 (KHTML, like Gecko) Chrome/80.0.3987.163 Safari/537.36"
::1 - - [11/Apr/2020:23:35:13 +0000] "GET /api/v1/church/bibleverses HTTP/1.1" 304 - "http://localhost:3000/" "Mozilla/5.0 (X11; Linux x86_64) AppleWebKit/537.36 (KHTML, like Gecko) Chrome/80.0.3987.163 Safari/537.36"
::1 - - [11/Apr/2020:23:35:37 +0000] "GET /api/v1/church/bibleverses HTTP/1.1" 304 - "http://localhost:3000/" "Mozilla/5.0 (X11; Linux x86_64) AppleWebKit/537.36 (KHTML, like Gecko) Chrome/80.0.3987.163 Safari/537.36"
::1 - - [11/Apr/2020:23:36:49 +0000] "GET /api/v1/church/bibleverses HTTP/1.1" 304 - "http://localhost:3000/" "Mozilla/5.0 (X11; Linux x86_64) AppleWebKit/537.36 (KHTML, like Gecko) Chrome/80.0.3987.163 Safari/537.36"
::1 - - [11/Apr/2020:23:38:03 +0000] "GET /api/v1/church/bibleverses HTTP/1.1" 304 - "http://localhost:3000/" "Mozilla/5.0 (X11; Linux x86_64) AppleWebKit/537.36 (KHTML, like Gecko) Chrome/80.0.3987.163 Safari/537.36"
::1 - - [11/Apr/2020:23:38:09 +0000] "GET /api/v1/church/bibleverses HTTP/1.1" 304 - "http://localhost:3000/" "Mozilla/5.0 (X11; Linux x86_64) AppleWebKit/537.36 (KHTML, like Gecko) Chrome/80.0.3987.163 Safari/537.36"
::1 - - [11/Apr/2020:23:38:18 +0000] "GET /api/v1/church/bibleverses HTTP/1.1" 304 - "http://localhost:3000/" "Mozilla/5.0 (X11; Linux x86_64) AppleWebKit/537.36 (KHTML, like Gecko) Chrome/80.0.3987.163 Safari/537.36"
::1 - - [11/Apr/2020:23:39:24 +0000] "GET /api/v1/church/bibleverses HTTP/1.1" 304 - "http://localhost:3000/" "Mozilla/5.0 (X11; Linux x86_64) AppleWebKit/537.36 (KHTML, like Gecko) Chrome/80.0.3987.163 Safari/537.36"
::1 - - [11/Apr/2020:23:39:40 +0000] "GET /api/v1/church/bibleverses HTTP/1.1" 304 - "http://localhost:3000/" "Mozilla/5.0 (X11; Linux x86_64) AppleWebKit/537.36 (KHTML, like Gecko) Chrome/80.0.3987.163 Safari/537.36"
::1 - - [11/Apr/2020:23:39:41 +0000] "GET /api/v1/church/bibleverses HTTP/1.1" 304 - "http://localhost:3000/" "Mozilla/5.0 (X11; Linux x86_64) AppleWebKit/537.36 (KHTML, like Gecko) Chrome/80.0.3987.163 Safari/537.36"
::1 - - [11/Apr/2020:23:39:44 +0000] "GET /api/v1/church/bibleverses HTTP/1.1" 304 - "http://localhost:3000/" "Mozilla/5.0 (X11; Linux x86_64) AppleWebKit/537.36 (KHTML, like Gecko) Chrome/80.0.3987.163 Safari/537.36"
::1 - - [11/Apr/2020:23:54:07 +0000] "GET /api/v1/church/bibleverses HTTP/1.1" 304 - "http://localhost:3000/" "Mozilla/5.0 (X11; Linux x86_64) AppleWebKit/537.36 (KHTML, like Gecko) Chrome/80.0.3987.163 Safari/537.36"
::1 - - [11/Apr/2020:23:56:20 +0000] "GET /api/v1/church/bibleverses HTTP/1.1" 304 - "http://localhost:3000/" "Mozilla/5.0 (X11; Linux x86_64) AppleWebKit/537.36 (KHTML, like Gecko) Chrome/80.0.3987.163 Safari/537.36"
::1 - - [11/Apr/2020:23:56:43 +0000] "GET /api/v1/church/bibleverses HTTP/1.1" 304 - "http://localhost:3000/" "Mozilla/5.0 (X11; Linux x86_64) AppleWebKit/537.36 (KHTML, like Gecko) Chrome/80.0.3987.163 Safari/537.36"
::1 - - [11/Apr/2020:23:56:48 +0000] "GET /api/v1/church/bibleverses HTTP/1.1" 304 - "http://localhost:3000/" "Mozilla/5.0 (X11; Linux x86_64) AppleWebKit/537.36 (KHTML, like Gecko) Chrome/80.0.3987.163 Safari/537.36"
::1 - - [11/Apr/2020:23:57:16 +0000] "GET /api/v1/church/bibleverses HTTP/1.1" 304 - "http://localhost:3000/" "Mozilla/5.0 (X11; Linux x86_64) AppleWebKit/537.36 (KHTML, like Gecko) Chrome/80.0.3987.163 Safari/537.36"
::1 - - [11/Apr/2020:23:58:25 +0000] "GET /api/v1/church/bibleverses HTTP/1.1" 304 - "http://localhost:3000/" "Mozilla/5.0 (X11; Linux x86_64) AppleWebKit/537.36 (KHTML, like Gecko) Chrome/80.0.3987.163 Safari/537.36"
::1 - - [11/Apr/2020:23:58:41 +0000] "GET /api/v1/church/bibleverses HTTP/1.1" 304 - "http://localhost:3000/" "Mozilla/5.0 (X11; Linux x86_64) AppleWebKit/537.36 (KHTML, like Gecko) Chrome/80.0.3987.163 Safari/537.36"
::1 - - [11/Apr/2020:23:58:42 +0000] "GET /api/v1/church/bibleverses HTTP/1.1" 304 - "http://localhost:3000/" "Mozilla/5.0 (X11; Linux x86_64) AppleWebKit/537.36 (KHTML, like Gecko) Chrome/80.0.3987.163 Safari/537.36"
::1 - - [11/Apr/2020:23:59:21 +0000] "GET /api/v1/church/bibleverses HTTP/1.1" 304 - "http://localhost:3000/" "Mozilla/5.0 (X11; Linux x86_64) AppleWebKit/537.36 (KHTML, like Gecko) Chrome/80.0.3987.163 Safari/537.36"
::1 - - [12/Apr/2020:00:00:12 +0000] "GET /api/v1/church/bibleverses HTTP/1.1" 304 - "http://localhost:3000/" "Mozilla/5.0 (X11; Linux x86_64) AppleWebKit/537.36 (KHTML, like Gecko) Chrome/80.0.3987.163 Safari/537.36"
::1 - - [12/Apr/2020:00:00:13 +0000] "GET /api/v1/church/bibleverses HTTP/1.1" 304 - "http://localhost:3000/" "Mozilla/5.0 (X11; Linux x86_64) AppleWebKit/537.36 (KHTML, like Gecko) Chrome/80.0.3987.163 Safari/537.36"
::1 - - [12/Apr/2020:00:00:22 +0000] "GET /api/v1/church/bibleverses HTTP/1.1" 304 - "http://localhost:3000/" "Mozilla/5.0 (X11; Linux x86_64) AppleWebKit/537.36 (KHTML, like Gecko) Chrome/80.0.3987.163 Safari/537.36"
::1 - - [12/Apr/2020:00:00:29 +0000] "GET /api/v1/church/bibleverses HTTP/1.1" 304 - "http://localhost:3000/" "Mozilla/5.0 (X11; Linux x86_64) AppleWebKit/537.36 (KHTML, like Gecko) Chrome/80.0.3987.163 Safari/537.36"
::1 - - [12/Apr/2020:00:00:29 +0000] "GET /api/v1/church/bibleverses HTTP/1.1" 304 - "http://localhost:3000/" "Mozilla/5.0 (X11; Linux x86_64) AppleWebKit/537.36 (KHTML, like Gecko) Chrome/80.0.3987.163 Safari/537.36"
::1 - - [12/Apr/2020:00:01:25 +0000] "GET /api/v1/church/bibleverses HTTP/1.1" 304 - "http://localhost:3000/" "Mozilla/5.0 (X11; Linux x86_64) AppleWebKit/537.36 (KHTML, like Gecko) Chrome/80.0.3987.163 Safari/537.36"
::1 - - [12/Apr/2020:00:01:29 +0000] "GET /api/v1/church/bibleverses HTTP/1.1" 304 - "http://localhost:3000/" "Mozilla/5.0 (X11; Linux x86_64) AppleWebKit/537.36 (KHTML, like Gecko) Chrome/80.0.3987.163 Safari/537.36"
::1 - - [12/Apr/2020:00:02:12 +0000] "GET /api/v1/church/bibleverses HTTP/1.1" 304 - "http://localhost:3000/" "Mozilla/5.0 (X11; Linux x86_64) AppleWebKit/537.36 (KHTML, like Gecko) Chrome/80.0.3987.163 Safari/537.36"
::1 - - [12/Apr/2020:00:02:15 +0000] "GET /api/v1/church/bibleverses HTTP/1.1" 304 - "http://localhost:3000/" "Mozilla/5.0 (X11; Linux x86_64) AppleWebKit/537.36 (KHTML, like Gecko) Chrome/80.0.3987.163 Safari/537.36"
::1 - - [12/Apr/2020:00:02:16 +0000] "GET /api/v1/church/bibleverses HTTP/1.1" 304 - "http://localhost:3000/" "Mozilla/5.0 (X11; Linux x86_64) AppleWebKit/537.36 (KHTML, like Gecko) Chrome/80.0.3987.163 Safari/537.36"
::1 - - [12/Apr/2020:00:02:17 +0000] "GET /api/v1/church/bibleverses HTTP/1.1" 304 - "http://localhost:3000/" "Mozilla/5.0 (X11; Linux x86_64) AppleWebKit/537.36 (KHTML, like Gecko) Chrome/80.0.3987.163 Safari/537.36"
::1 - - [12/Apr/2020:00:02:18 +0000] "GET /api/v1/church/bibleverses HTTP/1.1" 304 - "http://localhost:3000/" "Mozilla/5.0 (X11; Linux x86_64) AppleWebKit/537.36 (KHTML, like Gecko) Chrome/80.0.3987.163 Safari/537.36"
::1 - - [12/Apr/2020:00:02:28 +0000] "GET /api/v1/church/bibleverses HTTP/1.1" 304 - "http://localhost:3000/" "Mozilla/5.0 (X11; Linux x86_64) AppleWebKit/537.36 (KHTML, like Gecko) Chrome/80.0.3987.163 Safari/537.36"
::1 - - [12/Apr/2020:00:02:29 +0000] "GET /api/v1/church/bibleverses HTTP/1.1" 304 - "http://localhost:3000/" "Mozilla/5.0 (X11; Linux x86_64) AppleWebKit/537.36 (KHTML, like Gecko) Chrome/80.0.3987.163 Safari/537.36"
::1 - - [12/Apr/2020:00:02:54 +0000] "GET /api/v1/church/bibleverses HTTP/1.1" 304 - "http://localhost:3000/" "Mozilla/5.0 (X11; Linux x86_64) AppleWebKit/537.36 (KHTML, like Gecko) Chrome/80.0.3987.163 Safari/537.36"
